<?xml version="1.0" encoding="UTF-8"?>
<!-- Generated by org.testng.reporters.JUnitReportReporter -->
<testsuite hostname="AyeshaAlloudin" failures="0" tests="2" name="com.framework.testCase.TC_LoginPage_001" time="5.359" errors="0" timestamp="2023-01-09T15:42:01 PKT" skipped="0">
  <testcase classname="com.framework.testCase.TC_LoginPage_001" name="Title" time="0.013"/>
  <system-out/>
  <testcase classname="com.framework.testCase.TC_LoginPage_001" name="loginTest" time="5.346"/>
  <system-out/>
</testsuite> <!-- com.framework.testCase.TC_LoginPage_001 -->
